<?xml version="1.0" encoding="UTF-8"?>
<!-- Generated by org.testng.reporters.JUnitXMLReporter -->
<testsuite ignored="1" hostname="LAPTOP-VB5L9G7P" failures="2" tests="2" name="NegativeTests" time="0.016" errors="0" timestamp="2025-09-09T10:28:53 IST">
  <testcase classname="OrangeHRM.orangehrm.selenium.ErrorValidation" name="invalidCredentials" time="0.001">
    <failure type="java.lang.NullPointerException" message="Cannot invoke &amp;quot;pageObject.LoginPage.signUp(String, String)&amp;quot; because &amp;quot;this.login&amp;quot; is null">
      <![CDATA[java.lang.NullPointerException: Cannot invoke "pageObject.LoginPage.signUp(String, String)" because "this.login" is null
at OrangeHRM.orangehrm.selenium.ErrorValidation.invalidCredentials(ErrorValidation.java:15)
at java.base/java.util.ArrayList.forEach(ArrayList.java:1511)
... Removed 27 stack frames]]>
    </failure>
  </testcase> <!-- invalidCredentials -->
  <testcase classname="OrangeHRM.orangehrm.selenium.InvalidEmployeeSearch" name="employeeSearch" time="0.002">
    <failure type="java.lang.NullPointerException" message="Cannot invoke &amp;quot;pageObject.LoginPage.signUp(String, String)&amp;quot; because &amp;quot;this.login&amp;quot; is null">
      <![CDATA[java.lang.NullPointerException: Cannot invoke "pageObject.LoginPage.signUp(String, String)" because "this.login" is null
at OrangeHRM.orangehrm.selenium.InvalidEmployeeSearch.employeeSearch(InvalidEmployeeSearch.java:19)
at java.base/java.util.ArrayList.forEach(ArrayList.java:1511)
... Removed 27 stack frames]]>
    </failure>
  </testcase> <!-- employeeSearch -->
  <testcase classname="OrangeHRM.orangehrm.selenium.ApplyLeaveInsufficientBalance" name="applyLeaveTest" time="0.0">
    <ignored/>
  </testcase> <!-- applyLeaveTest -->
</testsuite> <!-- NegativeTests -->
