<?xml version="1.0" encoding="UTF-8"?>
<!-- Generated by org.testng.reporters.JUnitXMLReporter -->
<testsuite ignored="1" hostname="LAPTOP-VB5L9G7P" failures="0" tests="2" name="NegativeTests" time="29.75" errors="0" timestamp="2025-09-09T21:36:27 IST">
  <testcase classname="OrangeHRM.orangehrm.selenium.ErrorValidation" name="invalidCredentials" time="2.87"/>
  <testcase classname="OrangeHRM.orangehrm.selenium.InvalidEmployeeSearch" name="employeeSearch" time="7.956"/>
  <testcase classname="OrangeHRM.orangehrm.selenium.ApplyLeaveInsufficientBalance" name="applyLeaveTest" time="0.0">
    <ignored/>
  </testcase> <!-- applyLeaveTest -->
</testsuite> <!-- NegativeTests -->
