<?xml version="1.0" encoding="UTF-8"?>
<!-- Generated by org.testng.reporters.JUnitXMLReporter -->
<testsuite ignored="0" hostname="LAPTOP-VB5L9G7P" failures="0" tests="2" name="PositiveTests" time="39.373" errors="0" timestamp="2025-09-09T21:36:36 IST">
  <testcase classname="OrangeHRM.orangehrm.selenium.EmployeeTest" name="editEmployeeDetails" time="10.092"/>
  <testcase classname="OrangeHRM.orangehrm.selenium.TimeSheetSubmission" name="submitTimesheet" time="14.477"/>
</testsuite> <!-- PositiveTests -->
