<?xml version="1.0" encoding="UTF-8"?>
<testng-results ignored="0" total="5" passed="4" failed="1" skipped="0">
  <reporter-output>
  </reporter-output>
  <suite started-at="2025-09-10T14:31:12 IST" name="Suite" finished-at="2025-09-10T14:31:58 IST" duration-ms="46491">
    <groups>
      <group name="negative">
        <method signature="ApplyLeaveForNoLeaveBalance.applyLeaveTest()[pri:0, instance:orangeHRMTests.ApplyLeaveForNoLeaveBalance@5e21e98f]" name="applyLeaveTest" class="orangeHRMTests.ApplyLeaveForNoLeaveBalance"/>
        <method signature="InvalidCredentialsTest.invalidCredentials()[pri:0, instance:orangeHRMTests.InvalidCredentialsTest@51a9ad5e]" name="invalidCredentials" class="orangeHRMTests.InvalidCredentialsTest"/>
        <method signature="InvalidEmployeeSearchTest.employeeSearch()[pri:0, instance:orangeHRMTests.InvalidEmployeeSearchTest@6aa8e115]" name="employeeSearch" class="orangeHRMTests.InvalidEmployeeSearchTest"/>
      </group> <!-- negative -->
      <group name="positive">
        <method signature="EmployeeEditTest.editEmployeeDetails(java.lang.String,java.lang.String,java.lang.String,java.lang.String,java.lang.String)[pri:0, instance:orangeHRMTests.EmployeeEditTest@7f2cfe3f]" name="editEmployeeDetails" class="orangeHRMTests.EmployeeEditTest"/>
        <method signature="TimeSheetSubmissionTest.submitTimesheet(java.lang.String,java.lang.String,java.lang.String,java.lang.String)[pri:0, instance:orangeHRMTests.TimeSheetSubmissionTest@638ef7ed]" name="submitTimesheet" class="orangeHRMTests.TimeSheetSubmissionTest"/>
      </group> <!-- positive -->
    </groups>
    <test started-at="2025-09-10T14:31:12 IST" name="PositiveTests" finished-at="2025-09-10T14:31:58 IST" duration-ms="46206">
      <class name="orangeHRMTests.TimeSheetSubmissionTest">
        <test-method is-config="true" signature="launchApplication()[pri:0, instance:orangeHRMTests.TimeSheetSubmissionTest@638ef7ed]" started-at="2025-09-10T14:31:29 IST" name="launchApplication" finished-at="2025-09-10T14:31:35 IST" duration-ms="6234" status="PASS">
          <reporter-output>
          </reporter-output>
        </test-method> <!-- launchApplication -->
        <test-method signature="submitTimesheet(java.lang.String,java.lang.String,java.lang.String,java.lang.String)[pri:0, instance:orangeHRMTests.TimeSheetSubmissionTest@638ef7ed]" started-at="2025-09-10T14:31:35 IST" name="submitTimesheet" data-provider="timesheetData" finished-at="2025-09-10T14:31:57 IST" duration-ms="22121" status="PASS">
          <params>
            <param index="0">
              <value>
                <![CDATA[Apa]]>
              </value>
            </param>
            <param index="1">
              <value>
                <![CDATA[Apache Software Foundation - ASF - Phase 1]]>
              </value>
            </param>
            <param index="2">
              <value>
                <![CDATA[Bug Fixes]]>
              </value>
            </param>
            <param index="3">
              <value>
                <![CDATA[8]]>
              </value>
            </param>
          </params>
          <reporter-output>
          </reporter-output>
        </test-method> <!-- submitTimesheet -->
        <test-method is-config="true" signature="tearDown()[pri:0, instance:orangeHRMTests.TimeSheetSubmissionTest@638ef7ed]" started-at="2025-09-10T14:31:58 IST" name="tearDown" finished-at="2025-09-10T14:31:58 IST" duration-ms="259" status="PASS">
          <reporter-output>
          </reporter-output>
        </test-method> <!-- tearDown -->
      </class> <!-- orangeHRMTests.TimeSheetSubmissionTest -->
      <class name="orangeHRMTests.EmployeeEditTest">
        <test-method is-config="true" signature="launchApplication()[pri:0, instance:orangeHRMTests.EmployeeEditTest@7f2cfe3f]" started-at="2025-09-10T14:31:12 IST" name="launchApplication" finished-at="2025-09-10T14:31:18 IST" duration-ms="6609" status="PASS">
          <reporter-output>
          </reporter-output>
        </test-method> <!-- launchApplication -->
        <test-method signature="editEmployeeDetails(java.lang.String,java.lang.String,java.lang.String,java.lang.String,java.lang.String)[pri:0, instance:orangeHRMTests.EmployeeEditTest@7f2cfe3f]" started-at="2025-09-10T14:31:18 IST" name="editEmployeeDetails" data-provider="employeeData" finished-at="2025-09-10T14:31:29 IST" duration-ms="10170" status="PASS">
          <params>
            <param index="0">
              <value>
                <![CDATA[Admin]]>
              </value>
            </param>
            <param index="1">
              <value>
                <![CDATA[admin123]]>
              </value>
            </param>
            <param index="2">
              <value>
                <![CDATA[Jennifer]]>
              </value>
            </param>
            <param index="3">
              <value>
                <![CDATA[Daisy]]>
              </value>
            </param>
            <param index="4">
              <value>
                <![CDATA[Female]]>
              </value>
            </param>
          </params>
          <reporter-output>
          </reporter-output>
        </test-method> <!-- editEmployeeDetails -->
        <test-method is-config="true" signature="tearDown()[pri:0, instance:orangeHRMTests.EmployeeEditTest@7f2cfe3f]" started-at="2025-09-10T14:31:29 IST" name="tearDown" finished-at="2025-09-10T14:31:29 IST" duration-ms="228" status="PASS">
          <reporter-output>
          </reporter-output>
        </test-method> <!-- tearDown -->
      </class> <!-- orangeHRMTests.EmployeeEditTest -->
    </test> <!-- PositiveTests -->
    <test started-at="2025-09-10T14:31:12 IST" name="NegativeTests" finished-at="2025-09-10T14:31:58 IST" duration-ms="46491">
      <class name="orangeHRMTests.ApplyLeaveForNoLeaveBalance">
        <test-method is-config="true" signature="launchApplication()[pri:0, instance:orangeHRMTests.ApplyLeaveForNoLeaveBalance@5e21e98f]" started-at="2025-09-10T14:31:25 IST" name="launchApplication" finished-at="2025-09-10T14:31:36 IST" duration-ms="10650" status="PASS">
          <reporter-output>
          </reporter-output>
        </test-method> <!-- launchApplication -->
        <test-method signature="applyLeaveTest()[pri:0, instance:orangeHRMTests.ApplyLeaveForNoLeaveBalance@5e21e98f]" started-at="2025-09-10T14:31:36 IST" name="applyLeaveTest" finished-at="2025-09-10T14:31:49 IST" duration-ms="12533" status="FAIL">
          <exception class="org.openqa.selenium.TimeoutException">
            <message>
              <![CDATA[Expected condition failed: waiting for visibility of element located by By.xpath: //div[@class='oxd-select-dropdown --positon-bottom']//div[@class='oxd-select-option']//span (tried for 5 second(s) with 500 milliseconds interval)
Build info: version: '4.35.0', revision: '1c58e5028b'
System info: os.name: 'Windows 11', os.arch: 'amd64', os.version: '10.0', java.version: '17.0.7'
Driver info: org.openqa.selenium.chrome.ChromeDriver
Capabilities {acceptInsecureCerts: false, browserName: chrome, browserVersion: 139.0.7258.155, chrome: {chromedriverVersion: 139.0.7258.154 (9e0d6b2b47f..., userDataDir: C:\Users\samee\AppData\Loca...}, fedcm:accounts: true, goog:chromeOptions: {debuggerAddress: localhost:51050}, networkConnectionEnabled: false, pageLoadStrategy: normal, platformName: windows, proxy: Proxy(), se:cdp: ws://localhost:51050/devtoo..., se:cdpVersion: 139.0.7258.155, setWindowRect: true, strictFileInteractability: false, timeouts: {implicit: 0, pageLoad: 300000, script: 30000}, unhandledPromptBehavior: dismiss and notify, webauthn:extension:credBlob: true, webauthn:extension:largeBlob: true, webauthn:extension:minPinLength: true, webauthn:extension:prf: true, webauthn:virtualAuthenticators: true}
Session ID: 7371c65edbc108eae816173b7347bf5f]]>
            </message>
            <full-stacktrace>
              <![CDATA[org.openqa.selenium.TimeoutException: Expected condition failed: waiting for visibility of element located by By.xpath: //div[@class='oxd-select-dropdown --positon-bottom']//div[@class='oxd-select-option']//span (tried for 5 second(s) with 500 milliseconds interval)
Build info: version: '4.35.0', revision: '1c58e5028b'
System info: os.name: 'Windows 11', os.arch: 'amd64', os.version: '10.0', java.version: '17.0.7'
Driver info: org.openqa.selenium.chrome.ChromeDriver
Capabilities {acceptInsecureCerts: false, browserName: chrome, browserVersion: 139.0.7258.155, chrome: {chromedriverVersion: 139.0.7258.154 (9e0d6b2b47f..., userDataDir: C:\Users\samee\AppData\Loca...}, fedcm:accounts: true, goog:chromeOptions: {debuggerAddress: localhost:51050}, networkConnectionEnabled: false, pageLoadStrategy: normal, platformName: windows, proxy: Proxy(), se:cdp: ws://localhost:51050/devtoo..., se:cdpVersion: 139.0.7258.155, setWindowRect: true, strictFileInteractability: false, timeouts: {implicit: 0, pageLoad: 300000, script: 30000}, unhandledPromptBehavior: dismiss and notify, webauthn:extension:credBlob: true, webauthn:extension:largeBlob: true, webauthn:extension:minPinLength: true, webauthn:extension:prf: true, webauthn:virtualAuthenticators: true}
Session ID: 7371c65edbc108eae816173b7347bf5f
at org.openqa.selenium.support.ui.WebDriverWait.timeoutException(WebDriverWait.java:84)
at org.openqa.selenium.support.ui.FluentWait.until(FluentWait.java:228)
at Utils.WaitUtils.waitForVisibility(WaitUtils.java:32)
at pageObject.LeavePage.applyLeave(LeavePage.java:54)
at orangeHRMTests.ApplyLeaveForNoLeaveBalance.applyLeaveTest(ApplyLeaveForNoLeaveBalance.java:23)
at java.base/jdk.internal.reflect.NativeMethodAccessorImpl.invoke0(Native Method)
at java.base/jdk.internal.reflect.NativeMethodAccessorImpl.invoke(NativeMethodAccessorImpl.java:77)
at java.base/jdk.internal.reflect.DelegatingMethodAccessorImpl.invoke(DelegatingMethodAccessorImpl.java:43)
at java.base/java.lang.reflect.Method.invoke(Method.java:568)
at org.testng.internal.invokers.MethodInvocationHelper.invokeMethod(MethodInvocationHelper.java:141)
at org.testng.internal.invokers.TestInvoker.invokeMethod(TestInvoker.java:687)
at org.testng.internal.invokers.TestInvoker.invokeTestMethod(TestInvoker.java:230)
at org.testng.internal.invokers.MethodRunner.runInSequence(MethodRunner.java:63)
at org.testng.internal.invokers.TestInvoker$MethodInvocationAgent.invoke(TestInvoker.java:995)
at org.testng.internal.invokers.TestInvoker.invokeTestMethods(TestInvoker.java:203)
at org.testng.internal.invokers.TestMethodWorker.invokeTestMethods(TestMethodWorker.java:154)
at org.testng.internal.invokers.TestMethodWorker.run(TestMethodWorker.java:134)
at java.base/java.util.ArrayList.forEach(ArrayList.java:1511)
at org.testng.TestRunner.privateRun(TestRunner.java:741)
at org.testng.TestRunner.run(TestRunner.java:616)
at org.testng.SuiteRunner.runTest(SuiteRunner.java:421)
at org.testng.SuiteRunner$SuiteWorker.run(SuiteRunner.java:463)
at org.testng.internal.thread.ThreadUtil.lambda$execute$0(ThreadUtil.java:64)
at java.base/java.util.concurrent.FutureTask.run(FutureTask.java:264)
at java.base/java.util.concurrent.ThreadPoolExecutor.runWorker(ThreadPoolExecutor.java:1136)
at java.base/java.util.concurrent.ThreadPoolExecutor$Worker.run(ThreadPoolExecutor.java:635)
at java.base/java.lang.Thread.run(Thread.java:833)
]]>
            </full-stacktrace>
          </exception> <!-- org.openqa.selenium.TimeoutException -->
          <reporter-output>
          </reporter-output>
        </test-method> <!-- applyLeaveTest -->
        <test-method is-config="true" signature="tearDown()[pri:0, instance:orangeHRMTests.ApplyLeaveForNoLeaveBalance@5e21e98f]" started-at="2025-09-10T14:31:49 IST" name="tearDown" finished-at="2025-09-10T14:31:49 IST" duration-ms="243" status="PASS">
          <reporter-output>
          </reporter-output>
        </test-method> <!-- tearDown -->
      </class> <!-- orangeHRMTests.ApplyLeaveForNoLeaveBalance -->
      <class name="orangeHRMTests.InvalidCredentialsTest">
        <test-method is-config="true" signature="launchApplication()[pri:0, instance:orangeHRMTests.InvalidCredentialsTest@51a9ad5e]" started-at="2025-09-10T14:31:49 IST" name="launchApplication" finished-at="2025-09-10T14:31:55 IST" duration-ms="5824" status="PASS">
          <reporter-output>
          </reporter-output>
        </test-method> <!-- launchApplication -->
        <test-method signature="invalidCredentials()[pri:0, instance:orangeHRMTests.InvalidCredentialsTest@51a9ad5e]" started-at="2025-09-10T14:31:55 IST" name="invalidCredentials" finished-at="2025-09-10T14:31:58 IST" duration-ms="3141" status="PASS">
          <reporter-output>
          </reporter-output>
        </test-method> <!-- invalidCredentials -->
        <test-method is-config="true" signature="tearDown()[pri:0, instance:orangeHRMTests.InvalidCredentialsTest@51a9ad5e]" started-at="2025-09-10T14:31:58 IST" name="tearDown" finished-at="2025-09-10T14:31:58 IST" duration-ms="181" status="PASS">
          <reporter-output>
          </reporter-output>
        </test-method> <!-- tearDown -->
      </class> <!-- orangeHRMTests.InvalidCredentialsTest -->
      <class name="orangeHRMTests.InvalidEmployeeSearchTest">
        <test-method is-config="true" signature="launchApplication()[pri:0, instance:orangeHRMTests.InvalidEmployeeSearchTest@6aa8e115]" started-at="2025-09-10T14:31:12 IST" name="launchApplication" finished-at="2025-09-10T14:31:19 IST" duration-ms="6766" status="PASS">
          <reporter-output>
          </reporter-output>
        </test-method> <!-- launchApplication -->
        <test-method signature="employeeSearch()[pri:0, instance:orangeHRMTests.InvalidEmployeeSearchTest@6aa8e115]" started-at="2025-09-10T14:31:19 IST" name="employeeSearch" finished-at="2025-09-10T14:31:25 IST" duration-ms="6302" status="PASS">
          <reporter-output>
          </reporter-output>
        </test-method> <!-- employeeSearch -->
        <test-method is-config="true" signature="tearDown()[pri:0, instance:orangeHRMTests.InvalidEmployeeSearchTest@6aa8e115]" started-at="2025-09-10T14:31:25 IST" name="tearDown" finished-at="2025-09-10T14:31:25 IST" duration-ms="230" status="PASS">
          <reporter-output>
          </reporter-output>
        </test-method> <!-- tearDown -->
      </class> <!-- orangeHRMTests.InvalidEmployeeSearchTest -->
    </test> <!-- NegativeTests -->
  </suite> <!-- Suite -->
</testng-results>
